<?xml version="1.0" encoding="UTF-8"?>
<testng-results skipped="0" failed="0" ignored="0" total="1" passed="1">
  <reporter-output>
  </reporter-output>
  <suite name="Default suite" duration-ms="156373" started-at="2019-08-16T09:44:45Z" finished-at="2019-08-16T09:47:21Z">
    <groups>
    </groups>
    <test name="Default test" duration-ms="156373" started-at="2019-08-16T09:44:45Z" finished-at="2019-08-16T09:47:21Z">
      <class name="TestClasses.Test_Zopla_Application">
        <test-method status="PASS" signature="SetUp()[pri:0, instance:TestClasses.Test_Zopla_Application@3a82f6ef]" name="SetUp" is-config="true" duration-ms="61832" started-at="2019-08-16T15:14:45Z" finished-at="2019-08-16T15:15:47Z">
          <reporter-output>
          </reporter-output>
        </test-method> <!-- SetUp -->
        <test-method status="PASS" signature="validate_property_in_the_agent_record()[pri:0, instance:TestClasses.Test_Zopla_Application@3a82f6ef]" name="validate_property_in_the_agent_record" duration-ms="93704" started-at="2019-08-16T15:15:47Z" finished-at="2019-08-16T15:17:20Z">
          <reporter-output>
          </reporter-output>
        </test-method> <!-- validate_property_in_the_agent_record -->
        <test-method status="PASS" signature="quit_browser()[pri:0, instance:TestClasses.Test_Zopla_Application@3a82f6ef]" name="quit_browser" is-config="true" duration-ms="803" started-at="2019-08-16T15:17:20Z" finished-at="2019-08-16T15:17:21Z">
          <reporter-output>
          </reporter-output>
        </test-method> <!-- quit_browser -->
      </class> <!-- TestClasses.Test_Zopla_Application -->
    </test> <!-- Default test -->
  </suite> <!-- Default suite -->
</testng-results>
